<?xml version="1.0" encoding="UTF-8"?>
<!-- Generated by org.testng.reporters.JUnitXMLReporter -->
<testsuite ignored="0" hostname="Mrinmoys-MacBook-Pro.local" failures="1" tests="1" name="Command line test" time="12.695" errors="0" timestamp="2025-06-17T15:54:46 EDT">
  <testcase classname="io.cucumber.testng.AbstractTestNGCucumberTests" name="runScenario" time="12.382">
    <failure type="java.lang.NullPointerException" message="Cannot invoke &amp;quot;org.openqa.selenium.WebDriver.findElement(org.openqa.selenium.By)&amp;quot; because &amp;quot;this.driver&amp;quot; is null">
      <![CDATA[java.lang.NullPointerException: Cannot invoke "org.openqa.selenium.WebDriver.findElement(org.openqa.selenium.By)" because "this.driver" is null
at stepDefinitions.OfferPageStepDefinition.user_searched_for_same_shortname_in_the_offer_page_to_check_if_product_is_exist(OfferPageStepDefinition.java:25)
at ✽.User searched for "Tom" shortname in the offer page(file:///Users/mrinmoy/Documents/Development/CucumberFramework/src/test/java/features/searchProduct.feature:7)
]]>
    </failure>
  </testcase> <!-- runScenario -->
</testsuite> <!-- Command line test -->
