<?xml version="1.0" encoding="UTF-8"?>
<!-- Generated by org.testng.reporters.JUnitXMLReporter -->
<testsuite ignored="0" hostname="Mrinmoys-MacBook-Pro.local" failures="0" tests="2" name="Surefire test" time="35.439" errors="0" timestamp="2025-06-28T14:06:32 EDT">
  <testcase classname="io.cucumber.testng.AbstractTestNGCucumberTests" name="runScenario" time="31.641"/>
  <testcase classname="io.cucumber.testng.AbstractTestNGCucumberTests" name="runScenario" time="35.106"/>
</testsuite> <!-- Surefire test -->
