<?xml version="1.0" encoding="UTF-8"?>
<!-- Generated by org.testng.reporters.JUnitXMLReporter -->
<testsuite ignored="0" hostname="Mrinmoys-MacBook-Pro.local" failures="0" tests="2" name="Command line test" time="34.463" errors="0" timestamp="2025-06-28T08:02:52 EDT">
  <testcase classname="io.cucumber.testng.AbstractTestNGCucumberTests" name="runScenario" time="32.773"/>
  <testcase classname="io.cucumber.testng.AbstractTestNGCucumberTests" name="runScenario" time="34.127"/>
</testsuite> <!-- Command line test -->
