<?xml version="1.0" encoding="UTF-8"?>
<!-- Generated by org.testng.reporters.JUnitReportReporter -->
<testsuite hostname="Mrinmoys-MacBook-Pro.local" failures="0" tests="2" name="cucumberOptions.TestNGTestRunner" time="66.747" errors="0" timestamp="2025-06-28T14:06:32 EDT" skipped="0">
  <testcase classname="cucumberOptions.TestNGTestRunner" name="runScenario" time="35.106"/>
  <testcase classname="cucumberOptions.TestNGTestRunner" name="runScenario" time="31.641"/>
</testsuite> <!-- cucumberOptions.TestNGTestRunner -->
